%!Adobe-FontList 1.07

%BeginFont
Handler:DirectoryHandler
FontType:TrueType
FontName:IcoMoon-Free
FamilyName:IcoMoon-Free
StyleName:Regular
FullName:IcoMoon-Free
FamilyNameNative:
StyleNameNative:Regular
FullNameNative:
WritingScript:Korean
OutlineFileName:C:\Users\Admin\Downloads\IcoMoon-Free-master(1)\IcoMoon-Free-master\Font\IcoMoon-Free.ttf
DataFormat:sfntData
FileLength:130416
WeightClass:400
WidthClass:5
AngleClass:0
%EndFont

%BeginFont
Handler:DirectoryHandler
FontType:Invalid
OutlineFileName:C:\Users\Admin\Downloads\IcoMoon-Free-master(1)\IcoMoon-Free-master\Font\Read Me.txt
%EndFont

%BeginFont
Handler:DirectoryHandler
FontType:Invalid
OutlineFileName:C:\Users\Admin\Downloads\IcoMoon-Free-master(1)\IcoMoon-Free-master\Font\Reference.html
%EndFont

%BeginFont
Handler:DirectoryHandler
FontType:Invalid
OutlineFileName:C:\Users\Admin\Downloads\IcoMoon-Free-master(1)\IcoMoon-Free-master\Font\selection.json
%EndFont

%BeginFont
Handler:DirectoryHandler
FontType:Invalid
OutlineFileName:C:\Users\Admin\Downloads\IcoMoon-Free-master(1)\IcoMoon-Free-master\Font\demo-files\demo.css
%EndFont

%BeginFont
Handler:DirectoryHandler
FontType:Invalid
OutlineFileName:C:\Users\Admin\Downloads\IcoMoon-Free-master(1)\IcoMoon-Free-master\Font\demo-files\demo.js
%EndFont

%BeginFont
Handler:DirectoryHandler
FontType:Invalid
OutlineFileName:C:\Users\Admin\Downloads\IcoMoon-Free-master(1)\IcoMoon-Free-master\Font\demo-files\liga.js
%EndFont

